--------------------------------------------------------------------------------
Lattice Synthesis Timing Report, Version  
Fri Aug 30 09:50:27 2024

Copyright (c) 1991-1994 by NeoCAD Inc. All rights reserved.
Copyright (c) 1995 AT&T Corp.   All rights reserved.
Copyright (c) 1995-2001 Lucent Technologies Inc.  All rights reserved.
Copyright (c) 2001 Agere Systems   All rights reserved.
Copyright (c) 2002-2023 Lattice Semiconductor Corporation,  All rights reserved.

Report Information
------------------
Design:     system_top
Constraint file: system_top_temp_lse.sdc 
Report level:    verbose report, limited to 3 items per constraint
--------------------------------------------------------------------------------



================================================================================
Constraint: create_clock -period 5.000000 -name clk500 [get_nets i_fpga_clock_c]
            969 items scored, 969 timing errors detected.
--------------------------------------------------------------------------------


Error:  The following path violates requirements by 9.875ns

 Logical Details:  Cell type  Pin type       Cell name  (clock net +/-)

   Source:         FD1S3IX    CK             \SPI_inst/r_Delay_Count_400__i9  (from i_fpga_clock_c +)
   Destination:    FD1S3IX    D              \SPI_inst/r_Total_Count__i4  (to i_fpga_clock_c +)

   Delay:                  14.693ns  (22.8% logic, 77.2% route), 8 logic levels.

 Constraint Details:

     14.693ns data_path \SPI_inst/r_Delay_Count_400__i9 to \SPI_inst/r_Total_Count__i4 violates
      5.000ns delay constraint less
      0.182ns L_S requirement (totaling 4.818ns) by 9.875ns

 Path Details: \SPI_inst/r_Delay_Count_400__i9 to \SPI_inst/r_Total_Count__i4

   Name    Fanout   Delay (ns)          Pins               Resource(Cell.Net)
L_CO        ---     0.613             CK to Q              \SPI_inst/r_Delay_Count_400__i9 (from i_fpga_clock_c)
Route         1   e 1.506                                  \SPI_inst/r_Delay_Count[9]
LUT4        ---     0.390              A to Z              \SPI_inst/i4_2_lut
Route         2   e 1.386                                  \SPI_inst/n24
LUT4        ---     0.390              C to Z              \SPI_inst/i16_4_lut
Route         1   e 1.220                                  \SPI_inst/n36
LUT4        ---     0.390              B to Z              \SPI_inst/i18_4_lut
Route         1   e 1.220                                  \SPI_inst/n38
LUT4        ---     0.390              B to Z              \SPI_inst/i19_4_lut
Route        23   e 1.972                                  \SPI_inst/o_Master_Trig_N_194
LUT4        ---     0.390              B to Z              \SPI_inst/i1_3_lut_4_lut_adj_36
Route         5   e 1.606                                  \SPI_inst/n5
LUT4        ---     0.390              D to Z              \SPI_inst/i2_4_lut
Route         1   e 1.220                                  \SPI_inst/n6
LUT4        ---     0.390              B to Z              \SPI_inst/i3_4_lut
Route         1   e 1.220                                  \SPI_inst/r_Total_Count_4__N_185[4]
                  --------
                   14.693  (22.8% logic, 77.2% route), 8 logic levels.


Error:  The following path violates requirements by 9.875ns

 Logical Details:  Cell type  Pin type       Cell name  (clock net +/-)

   Source:         FD1S3IX    CK             \SPI_inst/r_Delay_Count_400__i9  (from i_fpga_clock_c +)
   Destination:    FD1S3IX    D              \SPI_inst/r_Total_Count__i3  (to i_fpga_clock_c +)

   Delay:                  14.693ns  (22.8% logic, 77.2% route), 8 logic levels.

 Constraint Details:

     14.693ns data_path \SPI_inst/r_Delay_Count_400__i9 to \SPI_inst/r_Total_Count__i3 violates
      5.000ns delay constraint less
      0.182ns L_S requirement (totaling 4.818ns) by 9.875ns

 Path Details: \SPI_inst/r_Delay_Count_400__i9 to \SPI_inst/r_Total_Count__i3

   Name    Fanout   Delay (ns)          Pins               Resource(Cell.Net)
L_CO        ---     0.613             CK to Q              \SPI_inst/r_Delay_Count_400__i9 (from i_fpga_clock_c)
Route         1   e 1.506                                  \SPI_inst/r_Delay_Count[9]
LUT4        ---     0.390              A to Z              \SPI_inst/i4_2_lut
Route         2   e 1.386                                  \SPI_inst/n24
LUT4        ---     0.390              C to Z              \SPI_inst/i16_4_lut
Route         1   e 1.220                                  \SPI_inst/n36
LUT4        ---     0.390              B to Z              \SPI_inst/i18_4_lut
Route         1   e 1.220                                  \SPI_inst/n38
LUT4        ---     0.390              B to Z              \SPI_inst/i19_4_lut
Route        23   e 1.972                                  \SPI_inst/o_Master_Trig_N_194
LUT4        ---     0.390              B to Z              \SPI_inst/i1_3_lut_4_lut_adj_36
Route         5   e 1.606                                  \SPI_inst/n5
LUT4        ---     0.390              D to Z              \SPI_inst/i2_4_lut_adj_31
Route         1   e 1.220                                  \SPI_inst/n6_adj_667
LUT4        ---     0.390              B to Z              \SPI_inst/i3_4_lut_adj_30
Route         1   e 1.220                                  \SPI_inst/r_Total_Count_4__N_185[3]
                  --------
                   14.693  (22.8% logic, 77.2% route), 8 logic levels.


Error:  The following path violates requirements by 9.875ns

 Logical Details:  Cell type  Pin type       Cell name  (clock net +/-)

   Source:         FD1S3IX    CK             \SPI_inst/r_Delay_Count_400__i9  (from i_fpga_clock_c +)
   Destination:    FD1S3IX    D              \SPI_inst/r_Total_Count__i2  (to i_fpga_clock_c +)

   Delay:                  14.693ns  (22.8% logic, 77.2% route), 8 logic levels.

 Constraint Details:

     14.693ns data_path \SPI_inst/r_Delay_Count_400__i9 to \SPI_inst/r_Total_Count__i2 violates
      5.000ns delay constraint less
      0.182ns L_S requirement (totaling 4.818ns) by 9.875ns

 Path Details: \SPI_inst/r_Delay_Count_400__i9 to \SPI_inst/r_Total_Count__i2

   Name    Fanout   Delay (ns)          Pins               Resource(Cell.Net)
L_CO        ---     0.613             CK to Q              \SPI_inst/r_Delay_Count_400__i9 (from i_fpga_clock_c)
Route         1   e 1.506                                  \SPI_inst/r_Delay_Count[9]
LUT4        ---     0.390              A to Z              \SPI_inst/i4_2_lut
Route         2   e 1.386                                  \SPI_inst/n24
LUT4        ---     0.390              C to Z              \SPI_inst/i16_4_lut
Route         1   e 1.220                                  \SPI_inst/n36
LUT4        ---     0.390              B to Z              \SPI_inst/i18_4_lut
Route         1   e 1.220                                  \SPI_inst/n38
LUT4        ---     0.390              B to Z              \SPI_inst/i19_4_lut
Route        23   e 1.972                                  \SPI_inst/o_Master_Trig_N_194
LUT4        ---     0.390              B to Z              \SPI_inst/i1_3_lut_4_lut_adj_36
Route         5   e 1.606                                  \SPI_inst/n5
LUT4        ---     0.390              D to Z              \SPI_inst/i2_4_lut_adj_33
Route         1   e 1.220                                  \SPI_inst/n6_adj_669
LUT4        ---     0.390              B to Z              \SPI_inst/i3_4_lut_adj_32
Route         1   e 1.220                                  \SPI_inst/r_Total_Count_4__N_185[2]
                  --------
                   14.693  (22.8% logic, 77.2% route), 8 logic levels.

Warning: 14.875 ns is the maximum delay for this constraint.


Timing Report Summary
--------------
--------------------------------------------------------------------------------
Constraint                              |   Constraint|       Actual|Levels
--------------------------------------------------------------------------------
                                        |             |             |
create_clock -period 5.000000 -name     |             |             |
clk500 [get_nets i_fpga_clock_c]        |     5.000 ns|    14.875 ns|     8 *
                                        |             |             |
--------------------------------------------------------------------------------


1 constraints not met.

--------------------------------------------------------------------------------
Critical Nets                           |   Loads|  Errors| % of total
--------------------------------------------------------------------------------
\SPI_inst/o_Master_Trig_N_194           |      23|     340|     35.09%
                                        |        |        |
\SPI_inst/n38                           |       1|     300|     30.96%
                                        |        |        |
\SPI_inst/n36                           |       1|     280|     28.90%
                                        |        |        |
\fsk_gen_inst/n62                       |       4|     276|     28.48%
                                        |        |        |
\fsk_gen_inst/n30                       |       1|     272|     28.07%
                                        |        |        |
\fsk_gen_inst/n3784                     |      34|     226|     23.32%
                                        |        |        |
\SPI_inst/n31                           |       1|     180|     18.58%
                                        |        |        |
\fsk_gen_inst/n28                       |       1|     180|     18.58%
                                        |        |        |
\SPI_inst/n3782                         |      25|     117|     12.07%
                                        |        |        |
\SPI_inst/n5                            |       5|     100|     10.32%
                                        |        |        |
\fsk_gen_inst/n3779                     |       6|      99|     10.22%
                                        |        |        |
--------------------------------------------------------------------------------


Timing summary:
---------------

Timing errors: 969  Score: 6069125

Constraints cover  5552 paths, 766 nets, and 2203 connections (94.3% coverage)


Peak memory: 197263360 bytes, TRCE: 1945600 bytes, DLYMAN: 163840 bytes
CPU_TIME_REPORT: 0 secs 
