-- all messages logged in file hdlparser.log
-- Analyzing VHDL file '/usr/local/diamond/3.13/ispfpga/vhdl_packages/standard.vhd' (VHDL-1481)
/usr/local/diamond/3.13/ispfpga/vhdl_packages/standard.vhd(9): INFO: analyzing package 'standard' (VHDL-1014)
-- Analyzing VHDL file '/usr/local/diamond/3.13/ispfpga/vhdl_packages/std_1164.vhd' (VHDL-1481)
/usr/local/diamond/3.13/ispfpga/vhdl_packages/std_1164.vhd(15): INFO: analyzing package 'std_logic_1164' (VHDL-1014)
/usr/local/diamond/3.13/ispfpga/vhdl_packages/std_1164.vhd(178): INFO: analyzing package body 'std_logic_1164' (VHDL-1013)
-- Analyzing VHDL file '/usr/local/diamond/3.13/ispfpga/vhdl_packages/mgc_qsim.vhd' (VHDL-1481)
/usr/local/diamond/3.13/ispfpga/vhdl_packages/mgc_qsim.vhd(18): INFO: analyzing package 'qsim_logic' (VHDL-1014)
/usr/local/diamond/3.13/ispfpga/vhdl_packages/mgc_qsim.vhd(753): INFO: analyzing package body 'qsim_logic' (VHDL-1013)
-- Analyzing VHDL file '/usr/local/diamond/3.13/ispfpga/vhdl_packages/numeric_bit.vhd' (VHDL-1481)
/usr/local/diamond/3.13/ispfpga/vhdl_packages/numeric_bit.vhd(54): INFO: analyzing package 'numeric_bit' (VHDL-1014)
/usr/local/diamond/3.13/ispfpga/vhdl_packages/numeric_bit.vhd(834): INFO: analyzing package body 'numeric_bit' (VHDL-1013)
-- Analyzing VHDL file '/usr/local/diamond/3.13/ispfpga/vhdl_packages/numeric_std.vhd' (VHDL-1481)
/usr/local/diamond/3.13/ispfpga/vhdl_packages/numeric_std.vhd(57): INFO: analyzing package 'numeric_std' (VHDL-1014)
/usr/local/diamond/3.13/ispfpga/vhdl_packages/numeric_std.vhd(874): INFO: analyzing package body 'numeric_std' (VHDL-1013)
-- Analyzing VHDL file '/usr/local/diamond/3.13/ispfpga/vhdl_packages/textio.vhd' (VHDL-1481)
/usr/local/diamond/3.13/ispfpga/vhdl_packages/textio.vhd(13): INFO: analyzing package 'textio' (VHDL-1014)
/usr/local/diamond/3.13/ispfpga/vhdl_packages/textio.vhd(114): INFO: analyzing package body 'textio' (VHDL-1013)
-- Analyzing VHDL file '/usr/local/diamond/3.13/ispfpga/vhdl_packages/std_logic_textio.vhd' (VHDL-1481)
/usr/local/diamond/3.13/ispfpga/vhdl_packages/std_logic_textio.vhd(26): INFO: analyzing package 'std_logic_textio' (VHDL-1014)
/usr/local/diamond/3.13/ispfpga/vhdl_packages/std_logic_textio.vhd(72): INFO: analyzing package body 'std_logic_textio' (VHDL-1013)
-- Analyzing VHDL file '/usr/local/diamond/3.13/ispfpga/vhdl_packages/syn_attr.vhd' (VHDL-1481)
/usr/local/diamond/3.13/ispfpga/vhdl_packages/syn_attr.vhd(39): INFO: analyzing package 'attributes' (VHDL-1014)
-- Analyzing VHDL file '/usr/local/diamond/3.13/ispfpga/vhdl_packages/syn_misc.vhd' (VHDL-1481)
/usr/local/diamond/3.13/ispfpga/vhdl_packages/syn_misc.vhd(30): INFO: analyzing package 'std_logic_misc' (VHDL-1014)
/usr/local/diamond/3.13/ispfpga/vhdl_packages/syn_misc.vhd(182): INFO: analyzing package body 'std_logic_misc' (VHDL-1013)
-- Analyzing VHDL file '/usr/local/diamond/3.13/ispfpga/vhdl_packages/math_real.vhd' (VHDL-1481)
/usr/local/diamond/3.13/ispfpga/vhdl_packages/math_real.vhd(56): INFO: analyzing package 'math_real' (VHDL-1014)
/usr/local/diamond/3.13/ispfpga/vhdl_packages/math_real.vhd(685): INFO: analyzing package body 'math_real' (VHDL-1013)
-- Analyzing VHDL file '/usr/local/diamond/3.13/ispfpga/vhdl_packages/mixed_lang_vltype.vhd' (VHDL-1481)
/usr/local/diamond/3.13/ispfpga/vhdl_packages/mixed_lang_vltype.vhd(9): INFO: analyzing package 'vl_types' (VHDL-1014)
/usr/local/diamond/3.13/ispfpga/vhdl_packages/mixed_lang_vltype.vhd(88): INFO: analyzing package body 'vl_types' (VHDL-1013)
-- Analyzing VHDL file '/usr/local/diamond/3.13/ispfpga/vhdl_packages/syn_arit.vhd' (VHDL-1481)
/usr/local/diamond/3.13/ispfpga/vhdl_packages/syn_arit.vhd(25): INFO: analyzing package 'std_logic_arith' (VHDL-1014)
/usr/local/diamond/3.13/ispfpga/vhdl_packages/syn_arit.vhd(206): INFO: analyzing package body 'std_logic_arith' (VHDL-1013)
-- Analyzing VHDL file '/usr/local/diamond/3.13/ispfpga/vhdl_packages/syn_sign.vhd' (VHDL-1481)
/usr/local/diamond/3.13/ispfpga/vhdl_packages/syn_sign.vhd(35): INFO: analyzing package 'std_logic_signed' (VHDL-1014)
/usr/local/diamond/3.13/ispfpga/vhdl_packages/syn_sign.vhd(96): INFO: analyzing package body 'std_logic_signed' (VHDL-1013)
-- Analyzing VHDL file '/usr/local/diamond/3.13/ispfpga/vhdl_packages/syn_unsi.vhd' (VHDL-1481)
/usr/local/diamond/3.13/ispfpga/vhdl_packages/syn_unsi.vhd(35): INFO: analyzing package 'std_logic_unsigned' (VHDL-1014)
/usr/local/diamond/3.13/ispfpga/vhdl_packages/syn_unsi.vhd(94): INFO: analyzing package body 'std_logic_unsigned' (VHDL-1013)
-- Analyzing VHDL file '/usr/local/diamond/3.13/ispfpga/vhdl_packages/synattr.vhd' (VHDL-1481)
/usr/local/diamond/3.13/ispfpga/vhdl_packages/synattr.vhd(50): INFO: analyzing package 'attributes' (VHDL-1014)
-- Analyzing Verilog file '/usr/local/diamond/3.13/ispfpga/userware/unix/SYNTHESIS_HEADERS/machxo.v' (VERI-1482)
-- Analyzing Verilog file '/home/jam/Downloads/MCUtoFPGA/FSK_Transmitter/impl1/source/sources_1/FIFO.v' (VERI-1482)
-- Analyzing Verilog file '/home/jam/Downloads/MCUtoFPGA/FSK_Transmitter/impl1/source/sources_1/fractional_clk_div.v' (VERI-1482)
-- Analyzing Verilog file '/home/jam/Downloads/MCUtoFPGA/FSK_Transmitter/impl1/source/sources_1/fsk_gen.v' (VERI-1482)
-- Analyzing Verilog file '/home/jam/Downloads/MCUtoFPGA/FSK_Transmitter/impl1/source/sources_1/PDM_Generator.v' (VERI-1482)
-- Analyzing Verilog file '/home/jam/Downloads/MCUtoFPGA/FSK_Transmitter/impl1/source/sources_1/resetn.v' (VERI-1482)
-- Analyzing Verilog file '/home/jam/Downloads/MCUtoFPGA/FSK_Transmitter/impl1/source/sources_1/SPI_Controller.v' (VERI-1482)
-- Analyzing Verilog file '/home/jam/Downloads/MCUtoFPGA/FSK_Transmitter/impl1/source/sources_1/SPI_Master.v' (VERI-1482)
-- Analyzing Verilog file '/home/jam/Downloads/MCUtoFPGA/FSK_Transmitter/impl1/source/sources_1/SPI_Master_With_Single_CS.v' (VERI-1482)
-- Analyzing Verilog file '/home/jam/Downloads/MCUtoFPGA/FSK_Transmitter/impl1/source/sources_1/system_top.v' (VERI-1482)
-- Analyzing VHDL file '/usr/local/diamond/3.13/ispfpga/userware/unix/SYNTHESIS_HEADERS/machxo.vhd' (VHDL-1481)
-- Analyzing VHDL file '/home/jam/Downloads/MCUtoFPGA/FSK_Transmitter/impl1/source/sources_1/_math_real.vhd' (VHDL-1481)
/home/jam/Downloads/MCUtoFPGA/FSK_Transmitter/impl1/source/sources_1/_math_real.vhd(56): INFO: analyzing package 'math_real' (VHDL-1014)
/home/jam/Downloads/MCUtoFPGA/FSK_Transmitter/impl1/source/sources_1/_math_real.vhd(685): INFO: analyzing package body 'math_real' (VHDL-1013)
